# JRE version: Java(TM) SE Runtime Environment (19.0.2+7) (build 19.0.2+7-44)
# Java VM: Java HotSpot(TM) 64-Bit Server VM (19.0.2+7-44, mixed mode, sharing, tiered, compressed oops, compressed class ptrs, g1 gc, windows-amd64)
GC Precious Log:
 CardTable entry size: 512
 Card Set container configuration: InlinePtr #cards 4 size 8 Array Of Cards #cards 16 size 48 Howl #buckets 8 coarsen threshold 3686 Howl Bitmap #cards 512 size 80 coarsen threshold 460 Card regions per heap region 1 cards per card region 4096
 CPUs: 4 total, 4 available
 Memory: 12143M
 Large Page Support: Disabled
 NUMA Support: Disabled
 Compressed Oops: Enabled (Zero based)
 Heap Region Size: 2M
 Heap Min Capacity: 8M
 Heap Initial Capacity: 190M
 Heap Max Capacity: 3036M
 Pre-touch: Disabled
 Parallel Workers: 4
 Concurrent Workers: 1
 Concurrent Refinement Workers: 4
 Periodic GC: Disabled
Heap:
 garbage-first heap   total 83968K, used 36276K [0x0000000742400000, 0x0000000800000000)
  region size 2048K, 6 young (12288K), 1 survivors (2048K)
 Metaspace       used 67989K, committed 68672K, reserved 1114112K
  class space    used 8962K, committed 9280K, reserved 1048576K
GC Heap History (20 events):
Event: 7.310 GC heap before
{Heap before GC invocations=5 (full 0):
 garbage-first heap   total 61440K, used 41978K [0x0000000742400000, 0x0000000800000000)
  region size 2048K, 18 young (36864K), 4 survivors (8192K)
 Metaspace       used 26173K, committed 26624K, reserved 1114112K
  class space    used 3228K, committed 3456K, reserved 1048576K
}
Event: 7.330 GC heap after
{Heap after GC invocations=6 (full 0):
 garbage-first heap   total 61440K, used 15605K [0x0000000742400000, 0x0000000800000000)
  region size 2048K, 2 young (4096K), 2 survivors (4096K)
 Metaspace       used 26173K, committed 26624K, reserved 1114112K
  class space    used 3228K, committed 3456K, reserved 1048576K
}
Event: 7.447 GC heap before
{Heap before GC invocations=6 (full 0):
 garbage-first heap   total 61440K, used 17653K [0x0000000742400000, 0x0000000800000000)
  region size 2048K, 3 young (6144K), 2 survivors (4096K)
 Metaspace       used 26466K, committed 26944K, reserved 1114112K
  class space    used 3283K, committed 3520K, reserved 1048576K
}
Event: 7.458 GC heap after
{Heap after GC invocations=7 (full 0):
 garbage-first heap   total 61440K, used 15976K [0x0000000742400000, 0x0000000800000000)
  region size 2048K, 1 young (2048K), 1 survivors (2048K)
 Metaspace       used 26466K, committed 26944K, reserved 1114112K
  class space    used 3283K, committed 3520K, reserved 1048576K
}
Event: 9.026 GC heap before
{Heap before GC invocations=7 (full 0):
 garbage-first heap   total 61440K, used 38504K [0x0000000742400000, 0x0000000800000000)
  region size 2048K, 13 young (26624K), 1 survivors (2048K)
 Metaspace       used 31687K, committed 32128K, reserved 1114112K
  class space    used 3949K, committed 4160K, reserved 1048576K
}
Event: 9.032 GC heap after
{Heap after GC invocations=8 (full 0):
 garbage-first heap   total 61440K, used 17827K [0x0000000742400000, 0x0000000800000000)
  region size 2048K, 2 young (4096K), 2 survivors (4096K)
 Metaspace       used 31687K, committed 32128K, reserved 1114112K
  class space    used 3949K, committed 4160K, reserved 1048576K
}
Event: 9.833 GC heap before
{Heap before GC invocations=8 (full 0):
 garbage-first heap   total 61440K, used 32163K [0x0000000742400000, 0x0000000800000000)
  region size 2048K, 10 young (20480K), 2 survivors (4096K)
 Metaspace       used 35442K, committed 35968K, reserved 1114112K
  class space    used 4478K, committed 4736K, reserved 1048576K
}
Event: 9.840 GC heap after
{Heap after GC invocations=9 (full 0):
 garbage-first heap   total 61440K, used 18730K [0x0000000742400000, 0x0000000800000000)
  region size 2048K, 1 young (2048K), 1 survivors (2048K)
 Metaspace       used 35442K, committed 35968K, reserved 1114112K
  class space    used 4478K, committed 4736K, reserved 1048576K
}
Event: 12.799 GC heap before
{Heap before GC invocations=10 (full 0):
 garbage-first heap   total 61440K, used 45354K [0x0000000742400000, 0x0000000800000000)
  region size 2048K, 14 young (28672K), 1 survivors (2048K)
 Metaspace       used 43408K, committed 43904K, reserved 1114112K
  class space    used 5555K, committed 5760K, reserved 1048576K
}
Event: 12.805 GC heap after
{Heap after GC invocations=11 (full 0):
 garbage-first heap   total 61440K, used 20431K [0x0000000742400000, 0x0000000800000000)
  region size 2048K, 2 young (4096K), 2 survivors (4096K)
 Metaspace       used 43408K, committed 43904K, reserved 1114112K
  class space    used 5555K, committed 5760K, reserved 1048576K
}
Event: 12.949 GC heap before
{Heap before GC invocations=11 (full 0):
 garbage-first heap   total 61440K, used 22479K [0x0000000742400000, 0x0000000800000000)
  region size 2048K, 3 young (6144K), 2 survivors (4096K)
 Metaspace       used 43873K, committed 44416K, reserved 1114112K
  class space    used 5620K, committed 5824K, reserved 1048576K
}
Event: 12.956 GC heap after
{Heap after GC invocations=12 (full 0):
 garbage-first heap   total 61440K, used 20096K [0x0000000742400000, 0x0000000800000000)
  region size 2048K, 1 young (2048K), 1 survivors (2048K)
 Metaspace       used 43873K, committed 44416K, reserved 1114112K
  class space    used 5620K, committed 5824K, reserved 1048576K
}
Event: 14.753 GC heap before
{Heap before GC invocations=12 (full 0):
 garbage-first heap   total 61440K, used 42624K [0x0000000742400000, 0x0000000800000000)
  region size 2048K, 13 young (26624K), 1 survivors (2048K)
 Metaspace       used 51346K, committed 51904K, reserved 1114112K
  class space    used 6736K, committed 7040K, reserved 1048576K
}
Event: 14.761 GC heap after
{Heap after GC invocations=13 (full 0):
 garbage-first heap   total 83968K, used 21228K [0x0000000742400000, 0x0000000800000000)
  region size 2048K, 1 young (2048K), 1 survivors (2048K)
 Metaspace       used 51346K, committed 51904K, reserved 1114112K
  class space    used 6736K, committed 7040K, reserved 1048576K
}
Event: 17.279 GC heap before
{Heap before GC invocations=13 (full 0):
 garbage-first heap   total 83968K, used 58092K [0x0000000742400000, 0x0000000800000000)
  region size 2048K, 20 young (40960K), 1 survivors (2048K)
 Metaspace       used 59583K, committed 60160K, reserved 1114112K
  class space    used 7812K, committed 8064K, reserved 1048576K
}
Event: 17.286 GC heap after
{Heap after GC invocations=14 (full 0):
 garbage-first heap   total 83968K, used 24311K [0x0000000742400000, 0x0000000800000000)
  region size 2048K, 3 young (6144K), 3 survivors (6144K)
 Metaspace       used 59583K, committed 60160K, reserved 1114112K
  class space    used 7812K, committed 8064K, reserved 1048576K
}
Event: 97.649 GC heap before
{Heap before GC invocations=15 (full 0):
 garbage-first heap   total 83968K, used 61175K [0x0000000742400000, 0x0000000800000000)
  region size 2048K, 21 young (43008K), 3 survivors (6144K)
 Metaspace       used 64979K, committed 65664K, reserved 1114112K
  class space    used 8572K, committed 8896K, reserved 1048576K
}
Event: 97.664 GC heap after
{Heap after GC invocations=16 (full 0):
 garbage-first heap   total 83968K, used 27569K [0x0000000742400000, 0x0000000800000000)
  region size 2048K, 2 young (4096K), 2 survivors (4096K)
 Metaspace       used 64979K, committed 65664K, reserved 1114112K
  class space    used 8572K, committed 8896K, reserved 1048576K
}
Event: 97.776 GC heap before
{Heap before GC invocations=16 (full 0):
 garbage-first heap   total 83968K, used 29617K [0x0000000742400000, 0x0000000800000000)
  region size 2048K, 3 young (6144K), 2 survivors (4096K)
 Metaspace       used 65582K, committed 66240K, reserved 1114112K
  class space    used 8643K, committed 8960K, reserved 1048576K
}
Event: 97.788 GC heap after
{Heap after GC invocations=17 (full 0):
 garbage-first heap   total 83968K, used 28084K [0x0000000742400000, 0x0000000800000000)
  region size 2048K, 1 young (2048K), 1 survivors (2048K)
 Metaspace       used 65582K, committed 66240K, reserved 1114112K
  class space    used 8643K, committed 8960K, reserved 1048576K
}

